#
# There is insufficient memory for the Java Runtime Environment to continue.
# Native memory allocation (malloc) failed to allocate 1048576 bytes for AllocateHeap
# Possible reasons:
#   The system is out of physical RAM or swap space
#   The process is running with CompressedOops enabled, and the Java Heap may be blocking the growth of the native heap
# Possible solutions:
#   Reduce memory load on the system
#   Increase physical memory or swap space
#   Check if swap backing store is full
#   Decrease Java heap size (-Xmx/-Xms)
#   Decrease number of Java threads
#   Decrease Java thread stack sizes (-Xss)
#   Set larger code cache with -XX:ReservedCodeCacheSize=
#   JVM is running with Unscaled Compressed Oops mode in which the Java heap is
#     placed in the first 4GB address space. The Java Heap base address is the
#     maximum limit for the native heap growth. Please use -XX:HeapBaseMinAddress
#     to set the Java Heap base and to place the Java Heap above 4GB virtual address.
# This output file may be truncated or incomplete.
#
#  Out of Memory Error (allocation.cpp:44), pid=4808, tid=9756
#
# JRE version:  (17.0.10+11) (build )
# Java VM: Java HotSpot(TM) 64-Bit Server VM (17.0.10+11-LTS-240, mixed mode, sharing, tiered, compressed oops, compressed class ptrs, g1 gc, windows-amd64)
# No core dump will be written. Minidumps are not enabled by default on client versions of Windows
#

---------------  S U M M A R Y ------------

Command Line: 

Host: AMD Ryzen 7 5700U with Radeon Graphics         , 16 cores, 5G,  Windows 11 , 64 bit Build 22621 (10.0.22621.2506)
Time: Tue Jan 30 15:56:42 2024 SE Asia Standard Time elapsed time: 0.018837 seconds (0d 0h 0m 0s)

---------------  T H R E A D  ---------------

Current thread (0x00000192cba83d50):  JavaThread "Unknown thread" [_thread_in_vm, id=9756, stack(0x0000006dbed00000,0x0000006dbee00000)]

Stack: [0x0000006dbed00000,0x0000006dbee00000]
Native frames: (J=compiled Java code, j=interpreted, Vv=VM code, C=native code)
V  [jvm.dll+0x677a5a]
V  [jvm.dll+0x7d8b2d]
V  [jvm.dll+0x7da48e]
V  [jvm.dll+0x7daaf3]
V  [jvm.dll+0x2455ff]
V  [jvm.dll+0xa5173]
V  [jvm.dll+0x2e30ae]
V  [jvm.dll+0x2dadcb]
V  [jvm.dll+0x7aa551]
V  [jvm.dll+0x367911]
V  [jvm.dll+0x789639]
V  [jvm.dll+0x3eb30f]
V  [jvm.dll+0x3ecd91]
C  [jli.dll+0x5297]
C  [ucrtbase.dll+0x29363]
C  [KERNEL32.DLL+0x1257d]
C  [ntdll.dll+0x5aa58]


---------------  P R O C E S S  ---------------

Threads class SMR info:
_java_thread_list=0x00007ffbbc9a6a18, length=0, elements={
}

Java Threads: ( => current thread )

Other Threads:
  0x00000192cbad0420 GCTaskThread "GC Thread#0" [stack: 0x0000006dbee00000,0x0000006dbef00000] [id=37940]

[error occurred during error reporting (printing all threads), id 0xc0000005, EXCEPTION_ACCESS_VIOLATION (0xc0000005) at pc=0x00007ffbbc1d8020]

VM state: not at safepoint (not fully initialized)

VM Mutex/Monitor currently owned by a thread:  ([mutex/lock_event])
[0x00000192cba7f880] Heap_lock - owner thread: 0x00000192cba83d50

Heap address: 0x00000000a2c00000, size: 1492 MB, Compressed Oops mode: 32-bit

CDS archive(s) mapped at: [0x0000000000000000-0x0000000000000000-0x0000000000000000), size 0, SharedBaseAddress: 0x0000000800000000, ArchiveRelocationMode: 1.
Narrow klass base: 0x0000000000000000, Narrow klass shift: 0, Narrow klass range: 0x0

GC Precious Log:
<Empty>

Heap:
 garbage-first heap   total 0K, used 0K [0x00000000a2c00000, 0x0000000100000000)
  region size 1024K, 0 young (0K), 0 survivors (0K)

[error occurred during error reporting (printing heap information), id 0xc0000005, EXCEPTION_ACCESS_VIOLATION (0xc0000005) at pc=0x00007ffbbc5c1249]

GC Heap History (0 events):
No events

Deoptimization events (0 events):
No events

Classes unloaded (0 events):
No events

Classes redefined (0 events):
No events

Internal exceptions (0 events):
No events

VM Operations (0 events):
No events

Events (1 events):
Event: 0.014 Loaded shared library C:\Program Files\Java\jdk-17\bin\java.dll


Dynamic libraries:
0x00007ff64d570000 - 0x00007ff64d580000 	C:\Program Files\Java\jdk-17\bin\java.exe
0x00007ffc44050000 - 0x00007ffc44267000 	C:\WINDOWS\SYSTEM32\ntdll.dll
0x00007ffc42ac0000 - 0x00007ffc42b84000 	C:\WINDOWS\System32\KERNEL32.DLL
0x00007ffc417e0000 - 0x00007ffc41b86000 	C:\WINDOWS\System32\KERNELBASE.dll
0x00007ffc41390000 - 0x00007ffc414a1000 	C:\WINDOWS\System32\ucrtbase.dll
0x00007ffc30a50000 - 0x00007ffc30a69000 	C:\Program Files\Java\jdk-17\bin\jli.dll
0x00007ffc308e0000 - 0x00007ffc308fb000 	C:\Program Files\Java\jdk-17\bin\VCRUNTIME140.dll
0x00007ffc42ef0000 - 0x00007ffc42fa3000 	C:\WINDOWS\System32\ADVAPI32.dll
0x00007ffc42d50000 - 0x00007ffc42df7000 	C:\WINDOWS\System32\msvcrt.dll
0x00007ffc423d0000 - 0x00007ffc42478000 	C:\WINDOWS\System32\sechost.dll
0x00007ffc41570000 - 0x00007ffc41598000 	C:\WINDOWS\System32\bcrypt.dll
0x00007ffc42970000 - 0x00007ffc42a87000 	C:\WINDOWS\System32\RPCRT4.dll
0x00007ffc425e0000 - 0x00007ffc4278e000 	C:\WINDOWS\System32\USER32.dll
0x00007ffc417b0000 - 0x00007ffc417d6000 	C:\WINDOWS\System32\win32u.dll
0x00007ffc43fe0000 - 0x00007ffc44009000 	C:\WINDOWS\System32\GDI32.dll
0x00007ffc24a60000 - 0x00007ffc24cf3000 	C:\WINDOWS\WinSxS\amd64_microsoft.windows.common-controls_6595b64144ccf1df_6.0.22621.2506_none_270c5ae97388e100\COMCTL32.dll
0x00007ffc41b90000 - 0x00007ffc41ca8000 	C:\WINDOWS\System32\gdi32full.dll
0x00007ffc41710000 - 0x00007ffc417aa000 	C:\WINDOWS\System32\msvcp_win.dll
0x00007ffc38050000 - 0x00007ffc3805a000 	C:\WINDOWS\SYSTEM32\VERSION.dll
0x00007ffc43340000 - 0x00007ffc43371000 	C:\WINDOWS\System32\IMM32.DLL
0x00007ffc3e020000 - 0x00007ffc3e02c000 	C:\Program Files\Java\jdk-17\bin\vcruntime140_1.dll
0x00007ffc120b0000 - 0x00007ffc1213e000 	C:\Program Files\Java\jdk-17\bin\msvcp140.dll
0x00007ffbbbef0000 - 0x00007ffbbcacf000 	C:\Program Files\Java\jdk-17\bin\server\jvm.dll
0x00007ffc42790000 - 0x00007ffc42798000 	C:\WINDOWS\System32\PSAPI.DLL
0x00007ffc3ec80000 - 0x00007ffc3ecb4000 	C:\WINDOWS\SYSTEM32\WINMM.dll
0x00007ffc24240000 - 0x00007ffc24249000 	C:\WINDOWS\SYSTEM32\WSOCK32.dll
0x00007ffc428a0000 - 0x00007ffc42911000 	C:\WINDOWS\System32\WS2_32.dll
0x00007ffc403c0000 - 0x00007ffc403d8000 	C:\WINDOWS\SYSTEM32\kernel.appcore.dll
0x00007ffc3bed0000 - 0x00007ffc3beda000 	C:\Program Files\Java\jdk-17\bin\jimage.dll
0x00007ffc3e9e0000 - 0x00007ffc3ec13000 	C:\WINDOWS\SYSTEM32\DBGHELP.DLL
0x00007ffc42fb0000 - 0x00007ffc43339000 	C:\WINDOWS\System32\combase.dll
0x00007ffc42e10000 - 0x00007ffc42ee7000 	C:\WINDOWS\System32\OLEAUT32.dll
0x00007ffc3ec40000 - 0x00007ffc3ec72000 	C:\WINDOWS\SYSTEM32\dbgcore.DLL
0x00007ffc41d20000 - 0x00007ffc41d9a000 	C:\WINDOWS\System32\bcryptPrimitives.dll
0x00007ffc2f9b0000 - 0x00007ffc2f9d5000 	C:\Program Files\Java\jdk-17\bin\java.dll

dbghelp: loaded successfully - version: 4.0.5 - missing functions: none
symbol engine: initialized successfully - sym options: 0x614 - pdb path: .;C:\Program Files\Java\jdk-17\bin;C:\WINDOWS\SYSTEM32;C:\WINDOWS\WinSxS\amd64_microsoft.windows.common-controls_6595b64144ccf1df_6.0.22621.2506_none_270c5ae97388e100;C:\Program Files\Java\jdk-17\bin\server

VM Arguments:
java_command: <unknown>
java_class_path (initial): <not set>
Launcher Type: SUN_STANDARD

[Global flags]
     intx CICompilerCount                          = 12                                        {product} {ergonomic}
     uint ConcGCThreads                            = 3                                         {product} {ergonomic}
     uint G1ConcRefinementThreads                  = 13                                        {product} {ergonomic}
   size_t G1HeapRegionSize                         = 1048576                                   {product} {ergonomic}
    uintx GCDrainStackTargetSize                   = 64                                        {product} {ergonomic}
   size_t InitialHeapSize                          = 98566144                                  {product} {ergonomic}
   size_t MarkStackSize                            = 4194304                                   {product} {ergonomic}
   size_t MaxHeapSize                              = 1564475392                                {product} {ergonomic}
   size_t MinHeapDeltaBytes                        = 1048576                                   {product} {ergonomic}
   size_t MinHeapSize                              = 8388608                                   {product} {ergonomic}
    uintx NonNMethodCodeHeapSize                   = 7602480                                {pd product} {ergonomic}
    uintx NonProfiledCodeHeapSize                  = 122027880                              {pd product} {ergonomic}
    uintx ProfiledCodeHeapSize                     = 122027880                              {pd product} {ergonomic}
    uintx ReservedCodeCacheSize                    = 251658240                              {pd product} {ergonomic}
     bool SegmentedCodeCache                       = true                                      {product} {ergonomic}
   size_t SoftMaxHeapSize                          = 1564475392                             {manageable} {ergonomic}
     bool UseCompressedClassPointers               = true                           {product lp64_product} {ergonomic}
     bool UseCompressedOops                        = true                           {product lp64_product} {ergonomic}
     bool UseG1GC                                  = true                                      {product} {ergonomic}
     bool UseLargePagesIndividualAllocation        = false                                  {pd product} {ergonomic}

Logging:
Log output configuration:
 #0: stdout all=warning uptime,level,tags
 #1: stderr all=off uptime,level,tags

Environment Variables:
PATH=C:\Users\Admin\React -Native-Project\CoffeeShopApp\node_modules\.bin;C:\Users\Admin\React -Native-Project\CoffeeShopApp\node_modules\.bin;C:\Users\Admin\React -Native-Project\node_modules\.bin;C:\Users\Admin\node_modules\.bin;C:\Users\node_modules\.bin;C:\node_modules\.bin;C:\Program Files\nodejs\node_modules\npm\node_modules\@npmcli\run-script\lib\node-gyp-bin;C:\Users\Admin\React -Native-Project\CoffeeShopApp\node_modules\.bin;C:\Users\Admin\React -Native-Project\node_modules\.bin;C:\Users\Admin\node_modules\.bin;C:\Users\node_modules\.bin;C:\node_modules\.bin;C:\Program Files\nodejs\node_modules\npm\node_modules\@npmcli\run-script\lib\node-gyp-bin;C:\Program Files\Common Files\Oracle\Java\javapath;C:\WINDOWS\system32;C:\WINDOWS;C:\WINDOWS\System32\Wbem;C:\WINDOWS\System32\WindowsPowerShell\v1.0\;C:\WINDOWS\System32\OpenSSH\;C:\Program Files\nodejs\;C:\Program Files\Git\cmd;C:\Program Files (x86)\Microchip\MPLAB C32 Suite\bin;C:\Program Files\Java\jdk-17\bin;C:\Users\Admin\AppData\Local\Microsoft\WindowsApps;C:\Users\Admin\AppData\Local\Programs\Microsoft VS Code\bin;C:\Users\Admin\AppData\Roaming\npm;C:\Program Files\Java\jdk-17\bin;
USERNAME=Admin
LANG=en_US.UTF-8
OS=Windows_NT
PROCESSOR_IDENTIFIER=AMD64 Family 23 Model 104 Stepping 1, AuthenticAMD



---------------  S Y S T E M  ---------------

OS:
 Windows 11 , 64 bit Build 22621 (10.0.22621.2506)
OS uptime: 9 days 1:27 hours

CPU: total 16 (initial active 16) (16 cores per cpu, 2 threads per core) family 23 model 104 stepping 1 microcode 0x0, cx8, cmov, fxsr, ht, mmx, 3dnowpref, sse, sse2, sse3, ssse3, sse4a, sse4.1, sse4.2, popcnt, lzcnt, tsc, tscinvbit, avx, avx2, aes, clmul, bmi1, bmi2, adx, sha, fma, vzeroupper, clflush, clflushopt

Memory: 4k page, system-wide physical 5966M (239M free)
TotalPageFile size 24398M (AvailPageFile size 6M)
current process WorkingSet (physical memory assigned to process): 11M, peak: 11M
current process commit charge ("private bytes"): 67M, peak: 68M

vm_info: Java HotSpot(TM) 64-Bit Server VM (17.0.10+11-LTS-240) for windows-amd64 JRE (17.0.10+11-LTS-240), built on Dec 19 2023 21:47:25 by "mach5one" with MS VC++ 17.1 (VS2022)

END.
